<?xml version="1.0" encoding="UTF-8"?>
<!-- Generated by org.testng.reporters.JUnitReportReporter -->
<testsuite skipped="1" hostname="Users-MacBook-Pro.local" name="com.hubspot.test.ContactpageTest" tests="4" failures="0" timestamp="28 Nov 2019 19:49:06 GMT" time="108.777" errors="0">
  <testcase name="createNewContactTest" time="35.841" classname="com.hubspot.test.ContactpageTest"/>
  <testcase name="createNewContactTest" time="35.576" classname="com.hubspot.test.ContactpageTest"/>
  <testcase name="createNewContactTest" time="37.360" classname="com.hubspot.test.ContactpageTest"/>
  <testcase name="verifyContactsPageTitle" classname="com.hubspot.test.ContactpageTest">
    <skipped/>
  </testcase> <!-- verifyContactsPageTitle -->
</testsuite> <!-- com.hubspot.test.ContactpageTest -->
