<?xml version="1.0" encoding="UTF-8"?>
<!-- Generated by org.testng.reporters.JUnitReportReporter -->
<testsuite skipped="1" hostname="Users-MacBook-Pro.local" name="com.hubspot.test.LoginPageTest" tests="2" failures="0" timestamp="03 Dec 2019 02:18:24 GMT" time="19.588" errors="0">
  <testcase name="loginValidInfo" time="19.588" classname="com.hubspot.test.LoginPageTest"/>
  <testcase name="inValidLogin" classname="com.hubspot.test.LoginPageTest">
    <skipped/>
  </testcase> <!-- inValidLogin -->
</testsuite> <!-- com.hubspot.test.LoginPageTest -->
