<?xml version="1.0" encoding="UTF-8"?>
<!-- Generated by org.testng.reporters.JUnitReportReporter -->
<testsuite skipped="0" hostname="Users-MacBook-Pro.local" name="com.hubspot.test.HomePageTest" tests="3" failures="0" timestamp="03 Dec 2019 01:44:29 GMT" time="47.311" errors="0">
  <testcase name="verifyHomePageTitleTest" time="15.380" classname="com.hubspot.test.HomePageTest"/>
  <testcase name="verifyHomePageHeaderTest" time="15.981" classname="com.hubspot.test.HomePageTest"/>
  <testcase name="verifyLoggedInUserInfo" time="15.950" classname="com.hubspot.test.HomePageTest"/>
</testsuite> <!-- com.hubspot.test.HomePageTest -->
